INFO: [SIM 2] *************** CSIM start ***************
INFO: [SIM 4] CSIM will launch GCC as the compiler.
   Compiling ../../../../DownSampler.cpp in debug mode
   Generating csim.exe
HERE
0x0c4a
HERE
0x0843
HERE
0x04b8
HERE
0x09e6
HERE
0x03bf
HERE
0x150e
HERE
0x0f56
HERE
0x0b16
HERE
0x132e
HERE
0x0d82
HERE
0x25eb
HERE
0x1137
HERE
0x1050
HERE
0x158a
HERE
0x23cc
HERE
0x000c
HERE
0x1377
HERE
0x0ecf
HERE
0x228f
HERE
0x1e52
HERE
0x049d
HERE
0x074c
HERE
0x0d1b
HERE
0x0b26
HERE
0x1177
HERE
0x1247
HERE
0x028b
HERE
0x20d2
HERE
0x23ba
HERE
0x07e0
HERE
0x1014
HERE
0x25e2
HERE
0x1f82
HERE
0x08c1
HERE
0x1551
HERE
0x21dc
HERE
0x215e
HERE
0x14f6
HERE
0x0c10
HERE
0x0027
HERE
0x17f5
HERE
0x0a46
HERE
0x1ce2
HERE
0x06cd
HERE
0x1058
HERE
0x0e0c
HERE
0x1b1e
HERE
0x197d
HERE
0x0a5f
HERE
0x194a
HERE
0x1d49
HERE
0x1e08
HERE
0x03d9
HERE
0x0110
HERE
0x2340
HERE
0x1551
HERE
0x043e
HERE
0x1e2a
HERE
0x0073
HERE
0x1989
HERE
0x2214
HERE
0x0835
HERE
0x1e77
HERE
0x08d2
HERE
0x2075
HERE
0x18dc
HERE
0x1776
HERE
0x14a0
HERE
0x1930
HERE
0x2136
HERE
0x2502
HERE
0x076b
HERE
0x0f18
HERE
0x264e
HERE
0x0d1b
HERE
0x2148
HERE
0x1365
HERE
0x025e
HERE
0x10f7
HERE
0x2032
HERE
0x01ed
HERE
0x04ad
HERE
0x01a7
HERE
0x0dda
HERE
0x0715
HERE
0x076d
HERE
0x0fde
HERE
0x01d0
HERE
0x1fb4
HERE
0x1b24
HERE
0x1c1b
HERE
0x20f6
HERE
0x065e
HERE
0x2283
HERE
0x0faa
HERE
0x1263
HERE
0x1367
HERE
0x0795
HERE
0x21c5
HERE
0x14b1
INFO: [SIM 1] CSim done with 0 errors.
INFO: [SIM 3] *************** CSIM finish ***************
