
****** Vitis HLS - High-Level Synthesis from C, C++ and OpenCL v2022.1 (64-bit)
  **** SW Build 3526262 on Mon Apr 18 15:47:01 MDT 2022
  **** IP Build 3524634 on Mon Apr 18 20:55:01 MDT 2022
    ** Copyright 1986-2022 Xilinx, Inc. All Rights Reserved.

source /tools/Xilinx/Vitis_HLS/2022.1/scripts/vitis_hls/hls.tcl -notrace
INFO: [HLS 200-10] Running '/tools/Xilinx/Vitis_HLS/2022.1/bin/unwrapped/lnx64.o/vitis_hls'
INFO: [HLS 200-10] For user 'dhoang' on host 'localhost' (Linux_x86_64 version 3.10.0-1160.76.1.el7.x86_64) on Sun May 07 18:40:56 EDT 2023
INFO: [HLS 200-10] On os "CentOS Linux release 7.9.2009 (Core)"
INFO: [HLS 200-10] In directory '/home/dhoang/hls_downsampler/HLS'
Sourcing Tcl script 'test_DownSampler.tcl'
INFO: [HLS 200-1510] Running: source test_DownSampler.tcl
INFO: [HLS 200-1510] Running: open_project -reset DownSampler 
INFO: [HLS 200-10] Opening and resetting project '/home/dhoang/hls_downsampler/HLS/DownSampler'.
WARNING: [HLS 200-40] No /home/dhoang/hls_downsampler/HLS/DownSampler/solution/solution.aps file found.
INFO: [HLS 200-1510] Running: set_top AverageDownSampler 
INFO: [HLS 200-1510] Running: add_files -tb DownSampler.cpp -cflags -std=c++11 
INFO: [HLS 200-10] Adding test bench file 'DownSampler.cpp' to the project
INFO: [HLS 200-1510] Running: open_solution -reset solution 
INFO: [HLS 200-10] Creating and opening solution '/home/dhoang/hls_downsampler/HLS/DownSampler/solution'.
INFO: [HLS 200-10] Cleaning up the solution database.
WARNING: [HLS 200-40] No /home/dhoang/hls_downsampler/HLS/DownSampler/solution/solution.aps file found.
INFO: [HLS 200-1505] Using default flow_target 'vivado'
Resolution: For help on HLS 200-1505 see www.xilinx.com/cgi-bin/docs/rdoc?v=2022.1;t=hls+guidance;d=200-1505.html
INFO: [HLS 200-435] Setting 'open_solution -flow_target vivado' configuration: config_interface -m_axi_latency=0
INFO: [HLS 200-1510] Running: set_part xcvu9p-flga2104-2L-e 
INFO: [HLS 200-1611] Setting target device to 'xcvu9p-flga2104-2L-e'
INFO: [HLS 200-1510] Running: create_clock -period 3.0 -name default 
INFO: [SYN 201-201] Setting up clock 'default' with a period of 3ns.
***** C SIMULATION *****
INFO: [HLS 200-1510] Running: csim_design 
INFO: [SIM 211-2] *************** CSIM start ***************
INFO: [SIM 211-4] CSIM will launch GCC as the compiler.
   Compiling ../../../../DownSampler.cpp in debug mode
   Generating csim.exe
HERE
0x0c4a
HERE
0x0843
HERE
0x04b8
HERE
0x09e6
HERE
0x03bf
HERE
0x150e
HERE
0x0f56
HERE
0x0b16
HERE
0x132e
HERE
0x0d82
HERE
0x25eb
HERE
0x1137
HERE
0x1050
HERE
0x158a
HERE
0x23cc
HERE
0x000c
HERE
0x1377
HERE
0x0ecf
HERE
0x228f
HERE
0x1e52
HERE
0x049d
HERE
0x074c
HERE
0x0d1b
HERE
0x0b26
HERE
0x1177
HERE
0x1247
HERE
0x028b
HERE
0x20d2
HERE
0x23ba
HERE
0x07e0
HERE
0x1014
HERE
0x25e2
HERE
0x1f82
HERE
0x08c1
HERE
0x1551
HERE
0x21dc
HERE
0x215e
HERE
0x14f6
HERE
0x0c10
HERE
0x0027
HERE
0x17f5
HERE
0x0a46
HERE
0x1ce2
HERE
0x06cd
HERE
0x1058
HERE
0x0e0c
HERE
0x1b1e
HERE
0x197d
HERE
0x0a5f
HERE
0x194a
HERE
0x1d49
HERE
0x1e08
HERE
0x03d9
HERE
0x0110
HERE
0x2340
HERE
0x1551
HERE
0x043e
HERE
0x1e2a
HERE
0x0073
HERE
0x1989
HERE
0x2214
HERE
0x0835
HERE
0x1e77
HERE
0x08d2
HERE
0x2075
HERE
0x18dc
HERE
0x1776
HERE
0x14a0
HERE
0x1930
HERE
0x2136
HERE
0x2502
HERE
0x076b
HERE
0x0f18
HERE
0x264e
HERE
0x0d1b
HERE
0x2148
HERE
0x1365
HERE
0x025e
HERE
0x10f7
HERE
0x2032
HERE
0x01ed
HERE
0x04ad
HERE
0x01a7
HERE
0x0dda
HERE
0x0715
HERE
0x076d
HERE
0x0fde
HERE
0x01d0
HERE
0x1fb4
HERE
0x1b24
HERE
0x1c1b
HERE
0x20f6
HERE
0x065e
HERE
0x2283
HERE
0x0faa
HERE
0x1263
HERE
0x1367
HERE
0x0795
HERE
0x21c5
HERE
0x14b1
INFO: [SIM 211-1] CSim done with 0 errors.
INFO: [SIM 211-3] *************** CSIM finish ***************
INFO: [HLS 200-111] Finished Command csim_design CPU user time: 2.93 seconds. CPU system time: 0.43 seconds. Elapsed time: 1.98 seconds; current allocated memory: -1033.656 MB.
INFO: [HLS 200-112] Total CPU user time: 6.55 seconds. Total CPU system time: 1.85 seconds. Total elapsed time: 4.86 seconds; peak allocated memory: 459.141 MB.
INFO: [Common 17-206] Exiting vitis_hls at Sun May  7 18:41:01 2023...
